<?xml version="1.0" encoding="utf-8"?><testsuites><testsuite name="pytest" errors="0" failures="0" skipped="0" tests="6" time="0.529" timestamp="2021-04-09T15:29:38.280548" hostname="rog"><testcase classname="test.test_dummy" name="test_dummy_config_basics" time="0.486" /><testcase classname="test.test_dummy" name="test_provisioner_workflow" time="0.001" /><testcase classname="test.test_dummy" name="test_workloads_outputs" time="0.001" /><testcase classname="test.test_dummy" name="test_provisioner_outputs" time="0.001" /><testcase classname="test.test_dummy" name="test_provisioner_clients" time="0.001" /><testcase classname="test.test_dummy" name="test_client_outputs" time="0.001" /></testsuite></testsuites>