<?xml version="1.0" encoding="utf-8"?><testsuites><testsuite name="pytest" errors="0" failures="0" skipped="0" tests="7" time="922.264" timestamp="2021-03-05T23:12:42.099431" hostname="fdf68563609a"><testcase classname="tests.test_docker_clients" name="test_launchpad_docker_client" time="722.293" /><testcase classname="tests.test_docker_clients" name="test_docker_run_workload" time="2.246" /><testcase classname="tests.test_host_exec" name="test_launchpad_exec_client_hosts" time="0.392" /><testcase classname="tests.test_host_exec" name="test_launchpad_exec_client_exec" time="6.260" /><testcase classname="tests.test_k8s_clients" name="test_launchpad_kubectl_client" time="0.170" /><testcase classname="tests.test_k8s_clients" name="test_kubernetes_deployment_workload" time="0.212" /><testcase classname="tests.test_k8s_clients" name="test_kubernetes_helm_workload" time="190.080" /></testsuite></testsuites>